#
# There is insufficient memory for the Java Runtime Environment to continue.
# Native memory allocation (malloc) failed to allocate 2539952 bytes for Chunk::new
# Possible reasons:
#   The system is out of physical RAM or swap space
#   The process is running with CompressedOops enabled, and the Java Heap may be blocking the growth of the native heap
# Possible solutions:
#   Reduce memory load on the system
#   Increase physical memory or swap space
#   Check if swap backing store is full
#   Decrease Java heap size (-Xmx/-Xms)
#   Decrease number of Java threads
#   Decrease Java thread stack sizes (-Xss)
#   Set larger code cache with -XX:ReservedCodeCacheSize=
#   JVM is running with Zero Based Compressed Oops mode in which the Java heap is
#     placed in the first 32GB address space. The Java Heap base address is the
#     maximum limit for the native heap growth. Please use -XX:HeapBaseMinAddress
#     to set the Java Heap base and to place the Java Heap above 32GB virtual address.
# This output file may be truncated or incomplete.
#
#  Out of Memory Error (allocation.cpp:389), pid=6456, tid=0x00000000000048e0
#
# JRE version: OpenJDK Runtime Environment (8.0_242-b01) (build 1.8.0_242-release-1644-b01)
# Java VM: OpenJDK 64-Bit Server VM (25.242-b01 mixed mode windows-amd64 compressed oops)
# Failed to write core dump. Minidumps are not enabled by default on client versions of Windows
#

---------------  T H R E A D  ---------------

Current thread (0x000000001dfb6800):  JavaThread "C2 CompilerThread0" daemon [_thread_in_native, id=18656, stack(0x000000001e890000,0x000000001e990000)]

Stack: [0x000000001e890000,0x000000001e990000]
[error occurred during error reporting (printing stack bounds), id 0xc0000005]

Native frames: (J=compiled Java code, j=interpreted, Vv=VM code, C=native code)


Current CompileTask:
C2: 180359 13423       4       org.gradle.internal.instantiation.generator.AbstractClassGenerator$PropertyMetadata::hasAnnotation (40 bytes)


---------------  P R O C E S S  ---------------

Java Threads: ( => current thread )
  0x000000001fc68800 JavaThread "jar transforms Thread 220" [_thread_blocked, id=18752, stack(0x0000000033520000,0x0000000033620000)]
  0x000000001fc6c000 JavaThread "jar transforms Thread 219" [_thread_blocked, id=17588, stack(0x00000000315b0000,0x00000000316b0000)]
  0x000000001fc61000 JavaThread "jar transforms Thread 218" [_thread_blocked, id=2992, stack(0x00000000310b0000,0x00000000311b0000)]
  0x000000001fc67800 JavaThread "jar transforms Thread 217" [_thread_blocked, id=2936, stack(0x0000000030fb0000,0x00000000310b0000)]
  0x000000001fc60000 JavaThread "jar transforms Thread 216" [_thread_blocked, id=11448, stack(0x0000000030eb0000,0x0000000030fb0000)]
  0x000000001fc65800 JavaThread "jar transforms Thread 215" [_thread_blocked, id=13584, stack(0x0000000030db0000,0x0000000030eb0000)]
  0x000000001fc64800 JavaThread "jar transforms Thread 214" [_thread_blocked, id=8112, stack(0x0000000030cb0000,0x0000000030db0000)]
  0x000000001fc64000 JavaThread "jar transforms Thread 213" [_thread_blocked, id=19012, stack(0x0000000030bb0000,0x0000000030cb0000)]
  0x000000001fc67000 JavaThread "jar transforms Thread 212" [_thread_blocked, id=19028, stack(0x0000000030ab0000,0x0000000030bb0000)]
  0x000000001fc61800 JavaThread "jar transforms Thread 211" [_thread_blocked, id=19436, stack(0x00000000309b0000,0x0000000030ab0000)]
  0x000000001fc66000 JavaThread "jar transforms Thread 210" [_thread_blocked, id=12016, stack(0x00000000308b0000,0x00000000309b0000)]
  0x000000001fc62800 JavaThread "jar transforms Thread 209" [_thread_blocked, id=15064, stack(0x00000000307b0000,0x00000000308b0000)]
  0x000000001fc5f800 JavaThread "jar transforms Thread 208" [_thread_blocked, id=16608, stack(0x00000000306b0000,0x00000000307b0000)]
  0x000000001fc5e800 JavaThread "jar transforms Thread 207" [_thread_blocked, id=16292, stack(0x00000000305b0000,0x00000000306b0000)]
  0x000000001fc63000 JavaThread "jar transforms Thread 206" [_thread_blocked, id=8300, stack(0x00000000304b0000,0x00000000305b0000)]
  0x000000003411e800 JavaThread "jar transforms Thread 205" [_thread_blocked, id=788, stack(0x00000000303b0000,0x00000000304b0000)]
  0x0000000034124800 JavaThread "jar transforms Thread 204" [_thread_blocked, id=13080, stack(0x00000000302b0000,0x00000000303b0000)]
  0x0000000034123000 JavaThread "jar transforms Thread 203" [_thread_blocked, id=10508, stack(0x00000000301b0000,0x00000000302b0000)]
  0x0000000034122800 JavaThread "jar transforms Thread 202" [_thread_blocked, id=16280, stack(0x00000000300b0000,0x00000000301b0000)]
  0x0000000034125800 JavaThread "jar transforms Thread 201" [_thread_blocked, id=1160, stack(0x000000002ffb0000,0x00000000300b0000)]
  0x0000000034121000 JavaThread "jar transforms Thread 200" [_thread_blocked, id=17196, stack(0x000000002feb0000,0x000000002ffb0000)]
  0x0000000034120000 JavaThread "jar transforms Thread 199" [_thread_blocked, id=16936, stack(0x000000002fdb0000,0x000000002feb0000)]
  0x000000003411f800 JavaThread "jar transforms Thread 198" [_thread_blocked, id=11760, stack(0x000000002fcb0000,0x000000002fdb0000)]
  0x0000000034121800 JavaThread "jar transforms Thread 197" [_thread_blocked, id=8416, stack(0x000000002fbb0000,0x000000002fcb0000)]
  0x0000000034124000 JavaThread "jar transforms Thread 196" [_thread_blocked, id=9480, stack(0x000000002fab0000,0x000000002fbb0000)]
  0x0000000034117000 JavaThread "jar transforms Thread 195" [_thread_blocked, id=4636, stack(0x000000002f9b0000,0x000000002fab0000)]
  0x000000003411e000 JavaThread "jar transforms Thread 194" [_thread_blocked, id=10264, stack(0x000000002f8b0000,0x000000002f9b0000)]
  0x000000003411a000 JavaThread "jar transforms Thread 193" [_thread_blocked, id=12260, stack(0x000000002f7b0000,0x000000002f8b0000)]
  0x0000000034116800 JavaThread "jar transforms Thread 192" [_thread_blocked, id=12040, stack(0x000000002f6b0000,0x000000002f7b0000)]
  0x000000003411c800 JavaThread "jar transforms Thread 191" [_thread_blocked, id=5264, stack(0x000000002f5b0000,0x000000002f6b0000)]
  0x000000003411b800 JavaThread "jar transforms Thread 190" [_thread_blocked, id=14520, stack(0x000000002f4b0000,0x000000002f5b0000)]
  0x000000003411b000 JavaThread "jar transforms Thread 189" [_thread_blocked, id=9920, stack(0x000000002f3b0000,0x000000002f4b0000)]
  0x0000000034119800 JavaThread "jar transforms Thread 188" [_thread_blocked, id=10856, stack(0x000000002f2b0000,0x000000002f3b0000)]
  0x0000000034118800 JavaThread "jar transforms Thread 187" [_thread_blocked, id=7956, stack(0x000000002f1b0000,0x000000002f2b0000)]
  0x000000003411d000 JavaThread "jar transforms Thread 186" [_thread_blocked, id=19144, stack(0x000000002f0b0000,0x000000002f1b0000)]
  0x0000000034118000 JavaThread "jar transforms Thread 185" [_thread_blocked, id=15796, stack(0x000000002efb0000,0x000000002f0b0000)]
  0x000000001fecc800 JavaThread "jar transforms Thread 184" [_thread_blocked, id=18732, stack(0x000000002eeb0000,0x000000002efb0000)]
  0x000000001fecc000 JavaThread "jar transforms Thread 183" [_thread_blocked, id=19172, stack(0x000000002edb0000,0x000000002eeb0000)]
  0x000000001fecd800 JavaThread "jar transforms Thread 182" [_thread_blocked, id=16588, stack(0x000000002ecb0000,0x000000002edb0000)]
  0x000000001fecb000 JavaThread "jar transforms Thread 181" [_thread_blocked, id=968, stack(0x000000002ebb0000,0x000000002ecb0000)]
  0x000000001feca800 JavaThread "jar transforms Thread 180" [_thread_blocked, id=19032, stack(0x000000002eab0000,0x000000002ebb0000)]
  0x000000001fec2800 JavaThread "jar transforms Thread 179" [_thread_blocked, id=18156, stack(0x000000002e9b0000,0x000000002eab0000)]
  0x000000001fec9800 JavaThread "jar transforms Thread 178" [_thread_blocked, id=16192, stack(0x000000002e8b0000,0x000000002e9b0000)]
  0x000000001fec7800 JavaThread "jar transforms Thread 177" [_thread_blocked, id=12308, stack(0x000000002e7b0000,0x000000002e8b0000)]
  0x000000001fec6800 JavaThread "jar transforms Thread 176" [_thread_blocked, id=9296, stack(0x000000002e6b0000,0x000000002e7b0000)]
  0x000000001fec9000 JavaThread "jar transforms Thread 175" [_thread_blocked, id=18984, stack(0x000000002e5b0000,0x000000002e6b0000)]
  0x000000001fec8000 JavaThread "jar transforms Thread 174" [_thread_blocked, id=6680, stack(0x000000002e4b0000,0x000000002e5b0000)]
  0x000000001febf000 JavaThread "jar transforms Thread 173" [_thread_blocked, id=8276, stack(0x000000002e3b0000,0x000000002e4b0000)]
  0x000000001fec6000 JavaThread "jar transforms Thread 172" [_thread_blocked, id=18832, stack(0x000000002e2b0000,0x000000002e3b0000)]
  0x000000001fec2000 JavaThread "jar transforms Thread 171" [_thread_blocked, id=19004, stack(0x000000002e1b0000,0x000000002e2b0000)]
  0x000000001fec0800 JavaThread "jar transforms Thread 170" [_thread_blocked, id=15208, stack(0x000000002e0b0000,0x000000002e1b0000)]
  0x000000001febf800 JavaThread "jar transforms Thread 169" [_thread_blocked, id=18968, stack(0x000000002dfb0000,0x000000002e0b0000)]
  0x000000001fec5000 JavaThread "jar transforms Thread 168" [_thread_blocked, id=4016, stack(0x000000002deb0000,0x000000002dfb0000)]
  0x000000001fec1000 JavaThread "jar transforms Thread 167" [_thread_blocked, id=15468, stack(0x000000002ddb0000,0x000000002deb0000)]
  0x000000001febe000 JavaThread "jar transforms Thread 166" [_thread_blocked, id=19244, stack(0x000000002dcb0000,0x000000002ddb0000)]
  0x000000001fec3800 JavaThread "jar transforms Thread 165" [_thread_blocked, id=5844, stack(0x000000002dbb0000,0x000000002dcb0000)]
  0x000000001fec4000 JavaThread "jar transforms Thread 164" [_thread_blocked, id=5260, stack(0x000000002dab0000,0x000000002dbb0000)]
  0x00000000341d4000 JavaThread "jar transforms Thread 163" [_thread_blocked, id=19160, stack(0x000000002d9b0000,0x000000002dab0000)]
  0x00000000341d3000 JavaThread "jar transforms Thread 162" [_thread_blocked, id=12928, stack(0x000000002d8b0000,0x000000002d9b0000)]
  0x00000000341cf800 JavaThread "jar transforms Thread 161" [_thread_blocked, id=13552, stack(0x000000002d7b0000,0x000000002d8b0000)]
  0x00000000341ce800 JavaThread "jar transforms Thread 160" [_thread_blocked, id=12656, stack(0x000000002d6b0000,0x000000002d7b0000)]
  0x00000000341cd800 JavaThread "jar transforms Thread 159" [_thread_blocked, id=7176, stack(0x000000002d5b0000,0x000000002d6b0000)]
  0x00000000341d1000 JavaThread "jar transforms Thread 158" [_thread_blocked, id=18584, stack(0x000000002d4b0000,0x000000002d5b0000)]
  0x00000000341d2800 JavaThread "jar transforms Thread 157" [_thread_blocked, id=8364, stack(0x000000002d3b0000,0x000000002d4b0000)]
  0x00000000341d0000 JavaThread "jar transforms Thread 156" [_thread_blocked, id=7428, stack(0x000000002d2b0000,0x000000002d3b0000)]
  0x00000000341d4800 JavaThread "jar transforms Thread 155" [_thread_blocked, id=4008, stack(0x000000002d1b0000,0x000000002d2b0000)]
  0x00000000341d1800 JavaThread "jar transforms Thread 154" [_thread_blocked, id=17160, stack(0x000000002d0b0000,0x000000002d1b0000)]
  0x0000000023c92800 JavaThread "jar transforms Thread 153" [_thread_blocked, id=640, stack(0x000000002cfb0000,0x000000002d0b0000)]
  0x0000000020d83800 JavaThread "jar transforms Thread 152" [_thread_blocked, id=12536, stack(0x000000002ceb0000,0x000000002cfb0000)]
  0x0000000020d8a800 JavaThread "jar transforms Thread 151" [_thread_blocked, id=5232, stack(0x000000002cdb0000,0x000000002ceb0000)]
  0x0000000020d83000 JavaThread "jar transforms Thread 150" [_thread_blocked, id=19284, stack(0x000000002c9d0000,0x000000002cad0000)]
  0x0000000020d87800 JavaThread "jar transforms Thread 149" [_thread_blocked, id=2656, stack(0x000000002c8d0000,0x000000002c9d0000)]
  0x0000000020d79800 JavaThread "jar transforms Thread 148" [_thread_blocked, id=2096, stack(0x000000002c540000,0x000000002c640000)]
  0x0000000020d78800 JavaThread "jar transforms Thread 147" [_thread_blocked, id=19268, stack(0x000000002c440000,0x000000002c540000)]
  0x0000000020d78000 JavaThread "jar transforms Thread 146" [_thread_blocked, id=15244, stack(0x000000002c340000,0x000000002c440000)]
  0x0000000020d77000 JavaThread "jar transforms Thread 145" [_thread_blocked, id=9176, stack(0x000000002c240000,0x000000002c340000)]
  0x0000000020d7b000 JavaThread "jar transforms Thread 144" [_thread_blocked, id=9896, stack(0x000000002c140000,0x000000002c240000)]
  0x0000000020d7d000 JavaThread "jar transforms Thread 143" [_thread_blocked, id=15072, stack(0x000000002c040000,0x000000002c140000)]
  0x0000000020d7a000 JavaThread "jar transforms Thread 142" [_thread_blocked, id=4472, stack(0x000000002bf40000,0x000000002c040000)]
  0x0000000020d7c800 JavaThread "jar transforms Thread 141" [_thread_blocked, id=13136, stack(0x00000000258e0000,0x00000000259e0000)]
  0x0000000020d88000 JavaThread "jar transforms Thread 140" [_thread_blocked, id=1164, stack(0x000000002b3d0000,0x000000002b4d0000)]
  0x0000000020d86800 JavaThread "jar transforms Thread 139" [_thread_blocked, id=12860, stack(0x000000002b2d0000,0x000000002b3d0000)]
  0x0000000020d86000 JavaThread "jar transforms Thread 138" [_thread_blocked, id=19040, stack(0x000000002b1d0000,0x000000002b2d0000)]
  0x0000000020d7e800 JavaThread "jar transforms Thread 137" [_thread_blocked, id=18784, stack(0x000000002b0d0000,0x000000002b1d0000)]
  0x0000000020d7f000 JavaThread "jar transforms Thread 136" [_thread_blocked, id=12852, stack(0x000000002afd0000,0x000000002b0d0000)]
  0x0000000020d84800 JavaThread "jar transforms Thread 135" [_thread_blocked, id=4460, stack(0x000000002aed0000,0x000000002afd0000)]
  0x0000000020d81800 JavaThread "jar transforms Thread 134" [_thread_blocked, id=16244, stack(0x000000002add0000,0x000000002aed0000)]
  0x0000000020d82000 JavaThread "jar transforms Thread 133" [_thread_blocked, id=15444, stack(0x000000002acd0000,0x000000002add0000)]
  0x0000000020d80800 JavaThread "jar transforms Thread 132" [_thread_blocked, id=4196, stack(0x000000002abd0000,0x000000002acd0000)]
  0x0000000020d85000 JavaThread "jar transforms Thread 131" [_thread_blocked, id=9676, stack(0x000000002aad0000,0x000000002abd0000)]
  0x0000000020d80000 JavaThread "jar transforms Thread 130" [_thread_blocked, id=14628, stack(0x000000002a9d0000,0x000000002aad0000)]
  0x00000000341ed000 JavaThread "jar transforms Thread 129" [_thread_blocked, id=6548, stack(0x000000002a8d0000,0x000000002a9d0000)]
  0x00000000341ec000 JavaThread "jar transforms Thread 128" [_thread_blocked, id=15576, stack(0x000000002a7d0000,0x000000002a8d0000)]
  0x00000000341eb800 JavaThread "jar transforms Thread 127" [_thread_blocked, id=8068, stack(0x000000002a6d0000,0x000000002a7d0000)]
  0x00000000341ea800 JavaThread "jar transforms Thread 126" [_thread_blocked, id=11356, stack(0x000000002a5d0000,0x000000002a6d0000)]
  0x00000000341e9000 JavaThread "jar transforms Thread 125" [_thread_blocked, id=2804, stack(0x000000002a4d0000,0x000000002a5d0000)]
  0x00000000341ea000 JavaThread "jar transforms Thread 124" [_thread_blocked, id=19076, stack(0x000000002a3d0000,0x000000002a4d0000)]
  0x00000000341e8800 JavaThread "jar transforms Thread 123" [_thread_blocked, id=9320, stack(0x000000002a2d0000,0x000000002a3d0000)]
  0x00000000341e7800 JavaThread "jar transforms Thread 122" [_thread_blocked, id=19212, stack(0x00000000285e0000,0x00000000286e0000)]
  0x00000000341e0000 JavaThread "jar transforms Thread 121" [_thread_blocked, id=8824, stack(0x0000000027ce0000,0x0000000027de0000)]
  0x00000000341e7000 JavaThread "jar transforms Thread 120" [_thread_blocked, id=10004, stack(0x0000000027be0000,0x0000000027ce0000)]
  0x00000000341e6000 JavaThread "jar transforms Thread 119" [_thread_blocked, id=916, stack(0x0000000027ae0000,0x0000000027be0000)]
  0x00000000341e2800 JavaThread "jar transforms Thread 118" [_thread_blocked, id=15700, stack(0x00000000277e0000,0x00000000278e0000)]
  0x00000000341e4000 JavaThread "jar transforms Thread 117" [_thread_blocked, id=14688, stack(0x00000000276e0000,0x00000000277e0000)]
  0x00000000341e5800 JavaThread "jar transforms Thread 116" [_thread_blocked, id=16560, stack(0x00000000275e0000,0x00000000276e0000)]
  0x00000000341e1800 JavaThread "Build operations Thread 8" [_thread_blocked, id=6632, stack(0x00000000274e0000,0x00000000275e0000)]
  0x00000000341df800 JavaThread "Build operations Thread 7" [_thread_blocked, id=8752, stack(0x00000000272e0000,0x00000000273e0000)]
  0x00000000341dd800 JavaThread "Build operations Thread 6" [_thread_blocked, id=17812, stack(0x00000000271e0000,0x00000000272e0000)]
  0x00000000341e3000 JavaThread "Build operations Thread 5" [_thread_blocked, id=19124, stack(0x00000000270e0000,0x00000000271e0000)]
  0x00000000341e4800 JavaThread "Build operations Thread 4" [_thread_blocked, id=5444, stack(0x0000000026fe0000,0x00000000270e0000)]
  0x0000000023c98800 JavaThread "Build operations Thread 3" [_thread_blocked, id=9984, stack(0x0000000026ee0000,0x0000000026fe0000)]
  0x0000000023c98000 JavaThread "Build operations Thread 2" [_thread_blocked, id=8052, stack(0x0000000026de0000,0x0000000026ee0000)]
  0x0000000023c94000 JavaThread "Build operations" [_thread_blocked, id=6704, stack(0x0000000026a10000,0x0000000026b10000)]
  0x0000000023c93800 JavaThread "Cache worker for checksums cache (C:\Users\Przemek\StudioProjects\nutritionApp\.gradle\checksums)" [_thread_blocked, id=17432, stack(0x00000000255e0000,0x00000000256e0000)]
  0x0000000023c97000 JavaThread "jar transforms Thread 115" [_thread_blocked, id=10624, stack(0x00000000254e0000,0x00000000255e0000)]
  0x0000000023c96800 JavaThread "jar transforms Thread 114" [_thread_blocked, id=12624, stack(0x00000000252e0000,0x00000000253e0000)]
  0x0000000023c92000 JavaThread "jar transforms Thread 113" [_thread_blocked, id=18736, stack(0x0000000023fd0000,0x00000000240d0000)]
  0x0000000023c8a800 JavaThread "jar transforms Thread 112" [_thread_blocked, id=10912, stack(0x0000000022a00000,0x0000000022b00000)]
  0x0000000023c91000 JavaThread "jar transforms Thread 111" [_thread_blocked, id=6412, stack(0x0000000022900000,0x0000000022a00000)]
  0x0000000023c8d800 JavaThread "Cache worker for file hash cache (C:\Users\Przemek\StudioProjects\nutritionApp\.gradle\6.5.1\fileHashes)" [_thread_blocked, id=12784, stack(0x0000000022800000,0x0000000022900000)]
  0x0000000023c89800 JavaThread "Stdin handler" [_thread_blocked, id=18060, stack(0x0000000022600000,0x0000000022700000)]
  0x0000000023c8f800 JavaThread "Daemon worker Thread 2" [_thread_in_native, id=7812, stack(0x0000000022400000,0x0000000022500000)]
  0x0000000023c8f000 JavaThread "Cancel handler" [_thread_blocked, id=13516, stack(0x0000000000a20000,0x0000000000b20000)]
  0x0000000023c8e000 JavaThread "Handler for socket connection from /127.0.0.1:53357 to /127.0.0.1:53439" [_thread_blocked, id=3424, stack(0x00000000008e0000,0x00000000009e0000)]
  0x0000000023c8c800 JavaThread "Daemon Thread 2" [_thread_blocked, id=18948, stack(0x00000000007e0000,0x00000000008e0000)]
  0x0000000023c8b000 JavaThread "Memory manager" [_thread_blocked, id=16184, stack(0x000000002bcd0000,0x000000002bdd0000)]
  0x0000000020d8d800 JavaThread "Cache worker for file content cache (D:\Programy\Android\Gradle\gradle-6.5.1\caches\6.5.1\fileContent)" [_thread_blocked, id=9720, stack(0x00000000284e0000,0x00000000285e0000)]
  0x0000000020d8c800 JavaThread "Cache worker for execution history cache (D:\Programy\Android\Gradle\gradle-6.5.1\caches\6.5.1\executionHistory)" [_thread_blocked, id=19368, stack(0x0000000027fe0000,0x00000000280e0000)]
  0x0000000020d7b800 JavaThread "Cache worker for file hash cache (D:\Programy\Android\Gradle\gradle-6.5.1\caches\6.5.1\fileHashes)" [_thread_blocked, id=15884, stack(0x0000000023ed0000,0x0000000023fd0000)]
  0x0000000020d76800 JavaThread "File lock request listener" [_thread_in_native, id=992, stack(0x0000000022e00000,0x0000000022f00000)]
  0x0000000020d8e800 JavaThread "Cache worker for journal cache (D:\Programy\Android\Gradle\gradle-6.5.1\caches\journal-1)" [_thread_blocked, id=13988, stack(0x0000000022d00000,0x0000000022e00000)]
  0x0000000020c04800 JavaThread "Daemon periodic checks" [_thread_blocked, id=6292, stack(0x0000000022100000,0x0000000022200000)]
  0x0000000020bf9000 JavaThread "Incoming local TCP Connector on port 53357" [_thread_in_native, id=18876, stack(0x0000000021ea0000,0x0000000021fa0000)]
  0x00000000203a7800 JavaThread "Daemon health stats" [_thread_blocked, id=10196, stack(0x0000000020660000,0x0000000020760000)]
  0x000000001e02a000 JavaThread "Service Thread" daemon [_thread_blocked, id=18568, stack(0x000000001ec90000,0x000000001ed90000)]
  0x000000001dfc9000 JavaThread "C1 CompilerThread3" daemon [_thread_blocked, id=15872, stack(0x000000001eb90000,0x000000001ec90000)]
  0x000000001dfc6000 JavaThread "C2 CompilerThread2" daemon [_thread_in_native, id=7268, stack(0x000000001ea90000,0x000000001eb90000)]
  0x000000001dfb9000 JavaThread "C2 CompilerThread1" daemon [_thread_blocked, id=13744, stack(0x000000001e990000,0x000000001ea90000)]
=>0x000000001dfb6800 JavaThread "C2 CompilerThread0" daemon [_thread_in_native, id=18656, stack(0x000000001e890000,0x000000001e990000)]
  0x000000001dfb4000 JavaThread "Attach Listener" daemon [_thread_blocked, id=13196, stack(0x000000001e790000,0x000000001e890000)]
  0x000000001dfb3000 JavaThread "Signal Dispatcher" daemon [_thread_blocked, id=6460, stack(0x000000001e690000,0x000000001e790000)]
  0x000000001dfa1000 JavaThread "Finalizer" daemon [_thread_blocked, id=14332, stack(0x000000001e480000,0x000000001e580000)]
  0x000000001c1ac800 JavaThread "Reference Handler" daemon [_thread_blocked, id=7828, stack(0x000000001e380000,0x000000001e480000)]
  0x0000000002542800 JavaThread "main" [_thread_blocked, id=8080, stack(0x0000000002410000,0x0000000002510000)]

Other Threads:
  0x000000001c1a8000 VMThread [stack: 0x000000001de80000,0x000000001df80000] [id=9008]
  0x000000001e02b000 WatcherThread [stack: 0x000000001ed90000,0x000000001ee90000] [id=7436]

VM state:not at safepoint (normal execution)

VM Mutex/Monitor currently owned by a thread: None

heap address: 0x00000006c0000000, size: 4096 MB, Compressed Oops mode: Zero based, Oop shift amount: 3
Narrow klass base: 0x0000000000000000, Narrow klass shift: 3
Compressed class space size: 1073741824 Address: 0x00000007c0000000

Heap:
 PSYoungGen      total 333824K, used 140056K [0x000000076ab00000, 0x0000000786200000, 0x00000007c0000000)
  eden space 282112K, 33% used [0x000000076ab00000,0x0000000770761888,0x000000077be80000)
  from space 51712K, 87% used [0x000000077be80000,0x000000077eae48f8,0x000000077f100000)
  to   space 57344K, 0% used [0x0000000782a00000,0x0000000782a00000,0x0000000786200000)
 ParOldGen       total 408576K, used 71558K [0x00000006c0000000, 0x00000006d8f00000, 0x000000076ab00000)
  object space 408576K, 17% used [0x00000006c0000000,0x00000006c45e1b50,0x00000006d8f00000)
 Metaspace       used 108016K, capacity 114340K, committed 114560K, reserved 1148928K
  class space    used 14442K, capacity 15681K, committed 15744K, reserved 1048576K

Card table byte_map: [0x0000000011a00000,0x0000000012210000] byte_map_base: 0x000000000e400000

Marking Bits: (ParMarkBitMap*) 0x00000000687ff030
 Begin Bits: [0x0000000012f70000, 0x0000000016f70000)
 End Bits:   [0x0000000016f70000, 0x000000001af70000)

Polling page: 0x0000000000bf0000

CodeCache: size=245760Kb used=38057Kb max_used=38069Kb free=207702Kb
 bounds [0x0000000002640000, 0x0000000004ba0000, 0x0000000011640000]
 total_blobs=12327 nmethods=11431 adapters=806
 compilation: enabled

Compilation events (10 events):
Event: 180.354 Thread 0x000000001dfc9000 nmethod 13576 0x0000000004893ad0 code [0x0000000004893cc0, 0x00000000048945f8]
Event: 180.354 Thread 0x000000001dfc9000 13575       3       org.gradle.internal.serialize.ExceptionPlaceholder$1::transform (40 bytes)
Event: 180.354 Thread 0x000000001dfc9000 nmethod 13575 0x0000000004897490 code [0x0000000004897620, 0x00000000048979e8]
Event: 180.354 Thread 0x000000001dfc9000 13578       3       java.lang.NoSuchFieldException::<init> (6 bytes)
Event: 180.354 Thread 0x000000001dfc9000 nmethod 13578 0x0000000004893610 code [0x0000000004893780, 0x00000000048939c8]
Event: 180.354 Thread 0x000000001dfc9000 13579       3       java.io.ObjectStreamClass::getPackageName (47 bytes)
Event: 180.355 Thread 0x000000001dfc9000 nmethod 13579 0x0000000004896810 code [0x00000000048969e0, 0x0000000004897208]
Event: 180.356 Thread 0x000000001dfb9000 13580       4       java.io.ObjectOutputStream$BlockDataOutputStream::write (152 bytes)
Event: 180.356 Thread 0x000000001dfc9000 13581       3       org.gradle.internal.snapshot.AbstractCompleteFileSystemLocationSnapshot$PathCompressingSnapshotWrapper::accept (9 bytes)
Event: 180.357 Thread 0x000000001dfc9000 nmethod 13581 0x00000000048960d0 code [0x0000000004896240, 0x00000000048965b0]

GC Heap History (10 events):
Event: 16.453 GC heap before
{Heap before GC invocations=15 (full 3):
 PSYoungGen      total 242176K, used 203097K [0x000000076ab00000, 0x000000077eb80000, 0x00000007c0000000)
  eden space 211456K, 81% used [0x000000076ab00000,0x000000077535b838,0x0000000777980000)
  from space 30720K, 99% used [0x0000000777980000,0x000000077977ada8,0x0000000779780000)
  to   space 39424K, 0% used [0x000000077c500000,0x000000077c500000,0x000000077eb80000)
 ParOldGen       total 277504K, used 49847K [0x00000006c0000000, 0x00000006d0f00000, 0x000000076ab00000)
  object space 277504K, 17% used [0x00000006c0000000,0x00000006c30adda8,0x00000006d0f00000)
 Metaspace       used 92678K, capacity 98122K, committed 98304K, reserved 1134592K
  class space    used 12420K, capacity 13443K, committed 13568K, reserved 1048576K
Event: 16.481 GC heap after
Heap after GC invocations=15 (full 3):
 PSYoungGen      total 281600K, used 39421K [0x000000076ab00000, 0x000000077fa80000, 0x00000007c0000000)
  eden space 242176K, 0% used [0x000000076ab00000,0x000000076ab00000,0x0000000779780000)
  from space 39424K, 99% used [0x000000077c500000,0x000000077eb7f500,0x000000077eb80000)
  to   space 46592K, 0% used [0x0000000779780000,0x0000000779780000,0x000000077c500000)
 ParOldGen       total 277504K, used 52787K [0x00000006c0000000, 0x00000006d0f00000, 0x000000076ab00000)
  object space 277504K, 19% used [0x00000006c0000000,0x00000006c338cdd0,0x00000006d0f00000)
 Metaspace       used 92678K, capacity 98122K, committed 98304K, reserved 1134592K
  class space    used 12420K, capacity 13443K, committed 13568K, reserved 1048576K
}
Event: 16.481 GC heap before
{Heap before GC invocations=16 (full 4):
 PSYoungGen      total 281600K, used 39421K [0x000000076ab00000, 0x000000077fa80000, 0x00000007c0000000)
  eden space 242176K, 0% used [0x000000076ab00000,0x000000076ab00000,0x0000000779780000)
  from space 39424K, 99% used [0x000000077c500000,0x000000077eb7f500,0x000000077eb80000)
  to   space 46592K, 0% used [0x0000000779780000,0x0000000779780000,0x000000077c500000)
 ParOldGen       total 277504K, used 52787K [0x00000006c0000000, 0x00000006d0f00000, 0x000000076ab00000)
  object space 277504K, 19% used [0x00000006c0000000,0x00000006c338cdd0,0x00000006d0f00000)
 Metaspace       used 92678K, capacity 98122K, committed 98304K, reserved 1134592K
  class space    used 12420K, capacity 13443K, committed 13568K, reserved 1048576K
Event: 16.646 GC heap after
Heap after GC invocations=16 (full 4):
 PSYoungGen      total 281600K, used 0K [0x000000076ab00000, 0x000000077fa80000, 0x00000007c0000000)
  eden space 242176K, 0% used [0x000000076ab00000,0x000000076ab00000,0x0000000779780000)
  from space 39424K, 0% used [0x000000077c500000,0x000000077c500000,0x000000077eb80000)
  to   space 46592K, 0% used [0x0000000779780000,0x0000000779780000,0x000000077c500000)
 ParOldGen       total 408576K, used 68526K [0x00000006c0000000, 0x00000006d8f00000, 0x000000076ab00000)
  object space 408576K, 16% used [0x00000006c0000000,0x00000006c42ebb50,0x00000006d8f00000)
 Metaspace       used 92502K, capacity 97602K, committed 98304K, reserved 1134592K
  class space    used 12364K, capacity 13345K, committed 13568K, reserved 1048576K
}
Event: 17.887 GC heap before
{Heap before GC invocations=17 (full 4):
 PSYoungGen      total 281600K, used 242176K [0x000000076ab00000, 0x000000077fa80000, 0x00000007c0000000)
  eden space 242176K, 100% used [0x000000076ab00000,0x0000000779780000,0x0000000779780000)
  from space 39424K, 0% used [0x000000077c500000,0x000000077c500000,0x000000077eb80000)
  to   space 46592K, 0% used [0x0000000779780000,0x0000000779780000,0x000000077c500000)
 ParOldGen       total 408576K, used 68526K [0x00000006c0000000, 0x00000006d8f00000, 0x000000076ab00000)
  object space 408576K, 16% used [0x00000006c0000000,0x00000006c42ebb50,0x00000006d8f00000)
 Metaspace       used 93244K, capacity 98468K, committed 99072K, reserved 1134592K
  class space    used 12449K, capacity 13467K, committed 13568K, reserved 1048576K
Event: 17.905 GC heap after
Heap after GC invocations=17 (full 4):
 PSYoungGen      total 288768K, used 17169K [0x000000076ab00000, 0x0000000781c00000, 0x00000007c0000000)
  eden space 242176K, 0% used [0x000000076ab00000,0x000000076ab00000,0x0000000779780000)
  from space 46592K, 36% used [0x0000000779780000,0x000000077a844670,0x000000077c500000)
  to   space 44032K, 0% used [0x000000077f100000,0x000000077f100000,0x0000000781c00000)
 ParOldGen       total 408576K, used 68526K [0x00000006c0000000, 0x00000006d8f00000, 0x000000076ab00000)
  object space 408576K, 16% used [0x00000006c0000000,0x00000006c42ebb50,0x00000006d8f00000)
 Metaspace       used 93244K, capacity 98468K, committed 99072K, reserved 1134592K
  class space    used 12449K, capacity 13467K, committed 13568K, reserved 1048576K
}
Event: 18.753 GC heap before
{Heap before GC invocations=18 (full 4):
 PSYoungGen      total 288768K, used 259345K [0x000000076ab00000, 0x0000000781c00000, 0x00000007c0000000)
  eden space 242176K, 100% used [0x000000076ab00000,0x0000000779780000,0x0000000779780000)
  from space 46592K, 36% used [0x0000000779780000,0x000000077a844670,0x000000077c500000)
  to   space 44032K, 0% used [0x000000077f100000,0x000000077f100000,0x0000000781c00000)
 ParOldGen       total 408576K, used 68526K [0x00000006c0000000, 0x00000006d8f00000, 0x000000076ab00000)
  object space 408576K, 16% used [0x00000006c0000000,0x00000006c42ebb50,0x00000006d8f00000)
 Metaspace       used 93244K, capacity 98468K, committed 99072K, reserved 1134592K
  class space    used 12449K, capacity 13467K, committed 13568K, reserved 1048576K
Event: 18.774 GC heap after
Heap after GC invocations=18 (full 4):
 PSYoungGen      total 326144K, used 44022K [0x000000076ab00000, 0x0000000783200000, 0x00000007c0000000)
  eden space 282112K, 0% used [0x000000076ab00000,0x000000076ab00000,0x000000077be80000)
  from space 44032K, 99% used [0x000000077f100000,0x0000000781bfdae8,0x0000000781c00000)
  to   space 51712K, 0% used [0x000000077be80000,0x000000077be80000,0x000000077f100000)
 ParOldGen       total 408576K, used 71550K [0x00000006c0000000, 0x00000006d8f00000, 0x000000076ab00000)
  object space 408576K, 17% used [0x00000006c0000000,0x00000006c45dfb50,0x00000006d8f00000)
 Metaspace       used 93244K, capacity 98468K, committed 99072K, reserved 1134592K
  class space    used 12449K, capacity 13467K, committed 13568K, reserved 1048576K
}
Event: 179.179 GC heap before
{Heap before GC invocations=19 (full 4):
 PSYoungGen      total 326144K, used 326134K [0x000000076ab00000, 0x0000000783200000, 0x00000007c0000000)
  eden space 282112K, 100% used [0x000000076ab00000,0x000000077be80000,0x000000077be80000)
  from space 44032K, 99% used [0x000000077f100000,0x0000000781bfdae8,0x0000000781c00000)
  to   space 51712K, 0% used [0x000000077be80000,0x000000077be80000,0x000000077f100000)
 ParOldGen       total 408576K, used 71550K [0x00000006c0000000, 0x00000006d8f00000, 0x000000076ab00000)
  object space 408576K, 17% used [0x00000006c0000000,0x00000006c45dfb50,0x00000006d8f00000)
 Metaspace       used 101380K, capacity 107270K, committed 107520K, reserved 1142784K
  class space    used 13434K, capacity 14510K, committed 14592K, reserved 1048576K
Event: 179.207 GC heap after
Heap after GC invocations=19 (full 4):
 PSYoungGen      total 333824K, used 45458K [0x000000076ab00000, 0x0000000786200000, 0x00000007c0000000)
  eden space 282112K, 0% used [0x000000076ab00000,0x000000076ab00000,0x000000077be80000)
  from space 51712K, 87% used [0x000000077be80000,0x000000077eae48f8,0x000000077f100000)
  to   space 57344K, 0% used [0x0000000782a00000,0x0000000782a00000,0x0000000786200000)
 ParOldGen       total 408576K, used 71558K [0x00000006c0000000, 0x00000006d8f00000, 0x000000076ab00000)
  object space 408576K, 17% used [0x00000006c0000000,0x00000006c45e1b50,0x00000006d8f00000)
 Metaspace       used 101380K, capacity 107270K, committed 107520K, reserved 1142784K
  class space    used 13434K, capacity 14510K, committed 14592K, reserved 1048576K
}

Deoptimization events (10 events):
Event: 180.265 Thread 0x0000000023c8c000 Uncommon trap: reason=unloaded action=reinterpret pc=0x00000000035c3ff8 method=com.esotericsoftware.kryo.io.Output.flush()V @ 28
Event: 180.265 Thread 0x0000000023c8f800 Uncommon trap: reason=unloaded action=reinterpret pc=0x0000000002b49db4 method=org.gradle.internal.event.AbstractBroadcastDispatch.dispatch(Lorg/gradle/internal/dispatch/MethodInvocation;Ljava/util/Iterator;)V @ 118
Event: 180.273 Thread 0x0000000023c8f800 Uncommon trap: reason=unloaded action=reinterpret pc=0x0000000002b49db4 method=org.gradle.internal.event.AbstractBroadcastDispatch.dispatch(Lorg/gradle/internal/dispatch/MethodInvocation;Ljava/util/Iterator;)V @ 118
Event: 180.293 Thread 0x0000000023c8f800 Uncommon trap: reason=unstable_if action=reinterpret pc=0x0000000004a2b1d8 method=org.gradle.internal.operations.DefaultBuildOperationExecutor$3.stop()V @ 61
Event: 180.293 Thread 0x0000000023c8f800 Uncommon trap: reason=unstable_if action=reinterpret pc=0x0000000004a2b1d8 method=org.gradle.internal.operations.DefaultBuildOperationExecutor$3.stop()V @ 61
Event: 180.341 Thread 0x0000000023c8f800 Uncommon trap: reason=unstable_if action=reinterpret pc=0x00000000030e7b60 method=org.gradle.internal.operations.DefaultBuildOperationExecutor$3.stop()V @ 61
Event: 180.349 Thread 0x0000000023c8f800 Uncommon trap: reason=class_check action=maybe_recompile pc=0x00000000027b3590 method=java.lang.String.equals(Ljava/lang/Object;)Z @ 8
Event: 180.349 Thread 0x0000000023c8f800 Uncommon trap: reason=class_check action=maybe_recompile pc=0x00000000027b3590 method=java.lang.String.equals(Ljava/lang/Object;)Z @ 8
Event: 180.349 Thread 0x0000000023c8f800 Uncommon trap: reason=class_check action=maybe_recompile pc=0x00000000027b3590 method=java.lang.String.equals(Ljava/lang/Object;)Z @ 8
Event: 180.349 Thread 0x0000000023c8f800 Uncommon trap: reason=class_check action=maybe_recompile pc=0x00000000027b3590 method=java.lang.String.equals(Ljava/lang/Object;)Z @ 8

Classes redefined (0 events):
No events

Internal exceptions (10 events):
Event: 179.928 Thread 0x0000000023c8f800 Exception <a 'java/lang/ClassNotFoundException': com/android/build/gradle/internal/api/BaseVariantOutputImplBeanInfo> (0x000000076e8a48a0) thrown at [C:\src\AOSP-openjdk-git\hotspot\src\share\vm\classfile\systemDictionary.cpp, line 210]
Event: 179.929 Thread 0x0000000023c8f800 Exception <a 'java/lang/ClassNotFoundException': com/android/build/gradle/internal/api/BaseVariantOutputImplCustomizer> (0x000000076e8c63d8) thrown at [C:\src\AOSP-openjdk-git\hotspot\src\share\vm\classfile\systemDictionary.cpp, line 210]
Event: 179.930 Thread 0x0000000023c8f800 Exception <a 'java/lang/ClassNotFoundException': com/android/build/gradle/internal/api/ApkVariantOutputImplCustomizer> (0x000000076e901c10) thrown at [C:\src\AOSP-openjdk-git\hotspot\src\share\vm\classfile\systemDictionary.cpp, line 210]
Event: 179.930 Thread 0x0000000023c8f800 Exception <a 'java/lang/ClassNotFoundException': com/android/build/gradle/internal/api/ApkVariantOutputImpl_DecoratedCustomizer> (0x000000076e938e90) thrown at [C:\src\AOSP-openjdk-git\hotspot\src\share\vm\classfile\systemDictionary.cpp, line 210]
Event: 180.110 Thread 0x0000000023c8f800 Exception <a 'java/lang/ClassNotFoundException': build_dmqosi8nfesofynelr2he3f3zBeanInfo> (0x000000076f4674d0) thrown at [C:\src\AOSP-openjdk-git\hotspot\src\share\vm\classfile\systemDictionary.cpp, line 210]
Event: 180.111 Thread 0x0000000023c8f800 Exception <a 'java/lang/ClassNotFoundException': build_dmqosi8nfesofynelr2he3f3zCustomizer> (0x000000076f4730b0) thrown at [C:\src\AOSP-openjdk-git\hotspot\src\share\vm\classfile\systemDictionary.cpp, line 210]
Event: 180.243 Thread 0x0000000023c8e000 Exception <a 'java/io/IOException'> (0x000000076ff1f3a0) thrown at [C:\src\AOSP-openjdk-git\hotspot\src\share\vm\prims\jni.cpp, line 710]
Event: 180.251 Thread 0x0000000023c90800 Exception <a 'java/io/IOException'> (0x000000076f4cdf88) thrown at [C:\src\AOSP-openjdk-git\hotspot\src\share\vm\prims\jni.cpp, line 710]
Event: 180.264 Thread 0x0000000023c8c000 Exception <a 'java/io/IOException'> (0x000000076ab06598) thrown at [C:\src\AOSP-openjdk-git\hotspot\src\share\vm\prims\jni.cpp, line 710]
Event: 180.312 Thread 0x0000000023c8f800 Exception <a 'sun/nio/fs/WindowsException'> (0x000000077048a830) thrown at [C:\src\AOSP-openjdk-git\hotspot\src\share\vm\prims\jni.cpp, line 710]

Events (10 events):
Event: 180.349 Thread 0x0000000023c8f800 Uncommon trap: trap_request=0xffffffde fr.pc=0x00000000027b3590
Event: 180.349 Thread 0x0000000023c8f800 DEOPT PACKING pc=0x00000000027b3590 sp=0x00000000224fc280
Event: 180.349 Thread 0x0000000023c8f800 DEOPT UNPACKING pc=0x000000000268557b sp=0x00000000224fc210 mode 2
Event: 180.349 Thread 0x0000000023c8f800 Uncommon trap: trap_request=0xffffffde fr.pc=0x00000000027b3590
Event: 180.349 Thread 0x0000000023c8f800 DEOPT PACKING pc=0x00000000027b3590 sp=0x00000000224fc280
Event: 180.349 Thread 0x0000000023c8f800 DEOPT UNPACKING pc=0x000000000268557b sp=0x00000000224fc210 mode 2
Event: 180.353 loading class java/util/Collections$EmptyListIterator
Event: 180.353 loading class java/util/Collections$EmptyListIterator done
Event: 180.357 Thread 0x0000000023c95000 Thread exited: 0x0000000023c95000
Event: 180.358 Thread 0x000000001fc6d800 Thread exited: 0x000000001fc6d800


Dynamic libraries:
0x00007ff63af30000 - 0x00007ff63af61000 	D:\Programy\Android\Android Studio\jre\bin\java.exe
0x00007ffb25f60000 - 0x00007ffb26150000 	C:\WINDOWS\SYSTEM32\ntdll.dll
0x00007ffb24970000 - 0x00007ffb24a22000 	C:\WINDOWS\System32\KERNEL32.DLL
0x00007ffb23a90000 - 0x00007ffb23d35000 	C:\WINDOWS\System32\KERNELBASE.dll
0x00007ffb24a30000 - 0x00007ffb24ad3000 	C:\WINDOWS\System32\ADVAPI32.dll
0x00007ffb25770000 - 0x00007ffb2580e000 	C:\WINDOWS\System32\msvcrt.dll
0x00007ffb24840000 - 0x00007ffb248d7000 	C:\WINDOWS\System32\sechost.dll
0x00007ffb25980000 - 0x00007ffb25aa0000 	C:\WINDOWS\System32\RPCRT4.dll
0x00007ffb25aa0000 - 0x00007ffb25c35000 	C:\WINDOWS\System32\USER32.dll
0x00007ffb23db0000 - 0x00007ffb23dd1000 	C:\WINDOWS\System32\win32u.dll
0x00007ffb25950000 - 0x00007ffb25976000 	C:\WINDOWS\System32\GDI32.dll
0x00007ffb238f0000 - 0x00007ffb23a86000 	C:\WINDOWS\System32\gdi32full.dll
0x00007ffb23850000 - 0x00007ffb238ee000 	C:\WINDOWS\System32\msvcp_win.dll
0x00007ffb23e60000 - 0x00007ffb23f5a000 	C:\WINDOWS\System32\ucrtbase.dll
0x00007ffb222e0000 - 0x00007ffb22564000 	C:\WINDOWS\WinSxS\amd64_microsoft.windows.common-controls_6595b64144ccf1df_6.0.18362.1082_none_9e8193e1e45b25c1\COMCTL32.dll
0x00007ffb25110000 - 0x00007ffb25445000 	C:\WINDOWS\System32\combase.dll
0x00007ffb23de0000 - 0x00007ffb23e60000 	C:\WINDOWS\System32\bcryptPrimitives.dll
0x00007ffb248e0000 - 0x00007ffb2490e000 	C:\WINDOWS\System32\IMM32.DLL
0x0000000067600000 - 0x00000000676d2000 	D:\Programy\Android\Android Studio\jre\jre\bin\msvcr100.dll
0x0000000068030000 - 0x000000006887b000 	D:\Programy\Android\Android Studio\jre\jre\bin\server\jvm.dll
0x00007ffb25100000 - 0x00007ffb25108000 	C:\WINDOWS\System32\PSAPI.DLL
0x00007ffb1eac0000 - 0x00007ffb1eaca000 	C:\WINDOWS\SYSTEM32\VERSION.dll
0x00007ffb1f530000 - 0x00007ffb1f554000 	C:\WINDOWS\SYSTEM32\WINMM.dll
0x00007ffb08460000 - 0x00007ffb08469000 	C:\WINDOWS\SYSTEM32\WSOCK32.dll
0x00007ffb255b0000 - 0x00007ffb2561f000 	C:\WINDOWS\System32\WS2_32.dll
0x00007ffb1f4f0000 - 0x00007ffb1f51d000 	C:\WINDOWS\SYSTEM32\WINMMBASE.dll
0x00007ffb23d40000 - 0x00007ffb23d8a000 	C:\WINDOWS\System32\cfgmgr32.dll
0x00007ffb1e670000 - 0x00007ffb1e67f000 	D:\Programy\Android\Android Studio\jre\jre\bin\verify.dll
0x00007ffb1e640000 - 0x00007ffb1e669000 	D:\Programy\Android\Android Studio\jre\jre\bin\java.dll
0x00007ffb18780000 - 0x00007ffb18796000 	D:\Programy\Android\Android Studio\jre\jre\bin\zip.dll
0x00007ffb24150000 - 0x00007ffb24837000 	C:\WINDOWS\System32\SHELL32.dll
0x00007ffb25d20000 - 0x00007ffb25dc9000 	C:\WINDOWS\System32\shcore.dll
0x00007ffb22ef0000 - 0x00007ffb23670000 	C:\WINDOWS\System32\windows.storage.dll
0x00007ffb22ec0000 - 0x00007ffb22ee3000 	C:\WINDOWS\System32\profapi.dll
0x00007ffb22e30000 - 0x00007ffb22e7a000 	C:\WINDOWS\System32\powrprof.dll
0x00007ffb22e20000 - 0x00007ffb22e30000 	C:\WINDOWS\System32\UMPDC.dll
0x00007ffb25cc0000 - 0x00007ffb25d12000 	C:\WINDOWS\System32\shlwapi.dll
0x00007ffb22e80000 - 0x00007ffb22e91000 	C:\WINDOWS\System32\kernel.appcore.dll
0x00007ffb23d90000 - 0x00007ffb23da7000 	C:\WINDOWS\System32\cryptsp.dll
0x00007ffb16960000 - 0x00007ffb1697a000 	D:\Programy\Android\Android Studio\jre\jre\bin\net.dll
0x00007ffb21ff0000 - 0x00007ffb22057000 	C:\WINDOWS\system32\mswsock.dll
0x00007ffb16940000 - 0x00007ffb16953000 	D:\Programy\Android\Android Studio\jre\jre\bin\nio.dll
0x00007ffb197c0000 - 0x00007ffb197e7000 	D:\Programy\Android\Gradle\gradle-6.5.1\native\f6784746aeab05261644944871eae4fe03e0ef1612fff0a4a95f87b438bc6780\windows-amd64\native-platform.dll
0x00007ffb1a070000 - 0x00007ffb1a07d000 	D:\Programy\Android\Android Studio\jre\jre\bin\management.dll
0x00007ffb21b60000 - 0x00007ffb21b93000 	C:\WINDOWS\system32\rsaenh.dll
0x00007ffb236d0000 - 0x00007ffb236f6000 	C:\WINDOWS\System32\bcrypt.dll
0x00007ffb22d40000 - 0x00007ffb22d65000 	C:\WINDOWS\SYSTEM32\USERENV.dll
0x00007ffb221c0000 - 0x00007ffb221cc000 	C:\WINDOWS\SYSTEM32\CRYPTBASE.dll
0x00007ffb21d00000 - 0x00007ffb21d3a000 	C:\WINDOWS\SYSTEM32\IPHLPAPI.DLL
0x00007ffb25810000 - 0x00007ffb25818000 	C:\WINDOWS\System32\NSI.dll
0x00007ffb1c7c0000 - 0x00007ffb1c7d6000 	C:\WINDOWS\SYSTEM32\dhcpcsvc6.DLL
0x00007ffb1c450000 - 0x00007ffb1c46c000 	C:\WINDOWS\SYSTEM32\dhcpcsvc.DLL
0x00007ffb21d40000 - 0x00007ffb21e0b000 	C:\WINDOWS\SYSTEM32\DNSAPI.dll
0x00007ffb1caf0000 - 0x00007ffb1cafb000 	C:\WINDOWS\SYSTEM32\WINNSI.DLL
0x00007ffb1e680000 - 0x00007ffb1e6a4000 	D:\Programy\Android\Android Studio\jre\jre\bin\sunec.dll
0x0000000069270000 - 0x0000000069296000 	C:\Program Files\Bonjour\mdnsNSP.dll
0x00007ffb135f0000 - 0x00007ffb135fa000 	C:\Windows\System32\rasadhlp.dll
0x00007ffb1b990000 - 0x00007ffb1ba07000 	C:\WINDOWS\System32\fwpuclnt.dll
0x00007ffb1f290000 - 0x00007ffb1f29b000 	D:\Programy\Android\Android Studio\jre\jre\bin\sunmscapi.dll
0x00007ffb23700000 - 0x00007ffb23849000 	C:\WINDOWS\System32\CRYPT32.dll
0x00007ffb22ea0000 - 0x00007ffb22eb2000 	C:\WINDOWS\System32\MSASN1.dll

VM Arguments:
jvm_args: -XX:MaxPermSize=2048m -XX:+HeapDumpOnOutOfMemoryError -Xmx4g -Dfile.encoding=UTF-8 -Duser.country=PL -Duser.language=pl -Duser.variant 
java_command: org.gradle.launcher.daemon.bootstrap.GradleDaemon 6.5.1
java_class_path (initial): D:\Programy\Android\Gradle\gradle-6.5.1\lib\gradle-launcher-6.5.1.jar
Launcher Type: SUN_STANDARD

Environment Variables:
JAVA_HOME=C:\Program Files\Java\jdk1.8.0_261
PATH=C:\Program Files (x86)\Common Files\Oracle\Java\javapath;C:\Windows\system32;C:\Windows;C:\Windows\System32\Wbem;C:\Windows\System32\WindowsPowerShell\v1.0\;C:\Program Files\NVIDIA Corporation\NVIDIA NvDLISR;C:\Program Files (x86)\NVIDIA Corporation\PhysX\Common;D:\Programy\Git\cmd;C:\WINDOWS\system32;C:\WINDOWS;C:\WINDOWS\System32\Wbem;C:\WINDOWS\System32\WindowsPowerShell\v1.0\;C:\WINDOWS\System32\OpenSSH\;D:\Programy\Android\platform-tools;D:\Programy\Putty\;C:\Program Files\Common Files\Autodesk Shared\;C:\Program Files\Microsoft SQL Server\120\Tools\Binn\;C:\Users\Przemek\AppData\Local\Microsoft\WindowsApps;D:\Programy\Android\platform-tools;
USERNAME=Przemek
OS=Windows_NT
PROCESSOR_IDENTIFIER=Intel64 Family 6 Model 60 Stepping 3, GenuineIntel



---------------  S Y S T E M  ---------------

OS: Windows 10.0 , 64 bit Build 18362 (10.0.18362.1082)

CPU:total 8 (initial active 8) (4 cores per cpu, 2 threads per core) family 6 model 60 stepping 3, cmov, cx8, fxsr, mmx, sse, sse2, sse3, ssse3, sse4.1, sse4.2, popcnt, avx, avx2, aes, clmul, erms, lzcnt, ht, tsc, tscinvbit, bmi1, bmi2

Memory: 4k page, physical 16634732k(3745784k free), swap 31155932k(6808k free)

vm_info: OpenJDK 64-Bit Server VM (25.242-b01) for windows-amd64 JRE (1.8.0_242-release-1644-b01), built by "builder" with MS VC++ 10.0 (VS2010)

time: Mon Sep 28 18:45:28 2020
timezone: Œrodkowoeuropejski czas letni
elapsed time: 180 seconds (0d 0h 3m 0s)

